[INFO ][20171224 09:03:56,407][AbstractApplicationContext:510] Refreshing org.springframework.context.support.ClassPathXmlApplicationContext@3dd4520b: startup date [Sun Dec 24 09:03:56 CST 2017]; root of context hierarchy
[INFO ][20171224 09:03:56,495][XmlBeanDefinitionReader:315] Loading XML bean definitions from class path resource [spring/spring-context.xml]
[INFO ][20171224 09:03:56,829][XmlBeanDefinitionReader:315] Loading XML bean definitions from class path resource [spring/spring-mq.xml]
[INFO ][20171224 09:03:56,890][DefaultListableBeanFactory:665] Overriding bean definition for bean 'consumerSessionAwareMessageListener': replacing [Generic bean: class [wusc.edu.demo.mqtest.listener.ConsumerSessionAwareMessageListener]; scope=singleton; abstract=false; lazyInit=false; autowireMode=1; dependencyCheck=0; autowireCandidate=true; primary=false; factoryBeanName=null; factoryMethodName=null; initMethodName=null; destroyMethodName=null; defined in file [F:\BaiduNetdiskDownload\08.第八阶段、Dubbo入门到精通架构高级课程\ppt源码\Dubbo视频教程--高级篇\Dubbo视频教程--高级篇--第21节--ActiveMQ的安装与使用\edu-mq-test\edu-demo-mqconsumer\target\classes\wusc\edu\demo\mqtest\listener\ConsumerSessionAwareMessageListener.class]] with [Generic bean: class [wusc.edu.demo.mqtest.listener.ConsumerSessionAwareMessageListener]; scope=; abstract=false; lazyInit=false; autowireMode=1; dependencyCheck=0; autowireCandidate=true; primary=false; factoryBeanName=null; factoryMethodName=null; initMethodName=null; destroyMethodName=null; defined in class path resource [spring/spring-mq.xml]]
[INFO ][20171224 09:03:56,896][XmlBeanDefinitionReader:315] Loading XML bean definitions from class path resource [spring/spring-mail.xml]
[INFO ][20171224 09:03:57,253][PropertiesLoaderSupport:172] Loading properties file from class path resource [mq.properties]
[INFO ][20171224 09:03:57,254][PropertiesLoaderSupport:172] Loading properties file from class path resource [mail.properties]
[INFO ][20171224 09:03:57,325][DefaultListableBeanFactory:598] Pre-instantiating singletons in org.springframework.beans.factory.support.DefaultListableBeanFactory@41e1e210: defining beans [org.springframework.context.annotation.internalConfigurationAnnotationProcessor,org.springframework.context.annotation.internalAutowiredAnnotationProcessor,org.springframework.context.annotation.internalRequiredAnnotationProcessor,org.springframework.context.annotation.internalCommonAnnotationProcessor,mailBiz,consumerSessionAwareMessageListener,org.springframework.context.support.PropertySourcesPlaceholderConfigurer#0,org.springframework.aop.config.internalAutoProxyCreator,targetConnectionFactory,pooledConnectionFactory,connectionFactory,activeMqJmsTemplate,sessionAwareQueue,sessionAwareListenerContainer,mailSender,simpleMailMessage,threadPool,org.springframework.context.annotation.ConfigurationClassPostProcessor.importAwareProcessor]; root of factory hierarchy
[INFO ][20171224 09:03:57,441][ExecutorConfigurationSupport:154] Initializing ExecutorService  'threadPool'
[INFO ][20171224 09:03:57,646][DefaultLifecycleProcessor$LifecycleGroup:334] Starting beans in phase 2147483647
[INFO ][20171224 09:03:57,863][SingleConnectionFactory:291] Established shared JMS Connection: PooledConnection { ConnectionPool[ActiveMQConnection {id=ID:lpz-PC-58537-1514077437710-1:1,clientId=null,started=false}] }
[INFO ][20171224 09:03:57,901][DefaultLifecycleProcessor$LifecycleGroup:334] Starting beans in phase 2147483647
[INFO ][20171224 09:03:57,977][ConsumerSessionAwareMessageListener:48] ==>receive message:{"content":"通过ActiveMQ异步发送邮件！","subject":"ActiveMQ测试","to":"wu-sc@foxmail.com"}
[INFO ][20171224 09:07:25,695][AbstractApplicationContext:510] Refreshing org.springframework.context.support.ClassPathXmlApplicationContext@3dd4520b: startup date [Sun Dec 24 09:07:25 CST 2017]; root of context hierarchy
[INFO ][20171224 09:07:25,770][XmlBeanDefinitionReader:315] Loading XML bean definitions from class path resource [spring/spring-context.xml]
[INFO ][20171224 09:07:26,064][XmlBeanDefinitionReader:315] Loading XML bean definitions from class path resource [spring/spring-mq.xml]
[INFO ][20171224 09:07:26,100][DefaultListableBeanFactory:665] Overriding bean definition for bean 'consumerSessionAwareMessageListener': replacing [Generic bean: class [wusc.edu.demo.mqtest.listener.ConsumerSessionAwareMessageListener]; scope=singleton; abstract=false; lazyInit=false; autowireMode=1; dependencyCheck=0; autowireCandidate=true; primary=false; factoryBeanName=null; factoryMethodName=null; initMethodName=null; destroyMethodName=null; defined in file [F:\BaiduNetdiskDownload\08.第八阶段、Dubbo入门到精通架构高级课程\ppt源码\Dubbo视频教程--高级篇\Dubbo视频教程--高级篇--第21节--ActiveMQ的安装与使用\edu-mq-test\edu-demo-mqconsumer\target\classes\wusc\edu\demo\mqtest\listener\ConsumerSessionAwareMessageListener.class]] with [Generic bean: class [wusc.edu.demo.mqtest.listener.ConsumerSessionAwareMessageListener]; scope=; abstract=false; lazyInit=false; autowireMode=1; dependencyCheck=0; autowireCandidate=true; primary=false; factoryBeanName=null; factoryMethodName=null; initMethodName=null; destroyMethodName=null; defined in class path resource [spring/spring-mq.xml]]
[INFO ][20171224 09:07:26,103][XmlBeanDefinitionReader:315] Loading XML bean definitions from class path resource [spring/spring-mail.xml]
[INFO ][20171224 09:07:26,296][PropertiesLoaderSupport:172] Loading properties file from class path resource [mq.properties]
[INFO ][20171224 09:07:26,297][PropertiesLoaderSupport:172] Loading properties file from class path resource [mail.properties]
[INFO ][20171224 09:07:26,369][DefaultListableBeanFactory:598] Pre-instantiating singletons in org.springframework.beans.factory.support.DefaultListableBeanFactory@41e1e210: defining beans [org.springframework.context.annotation.internalConfigurationAnnotationProcessor,org.springframework.context.annotation.internalAutowiredAnnotationProcessor,org.springframework.context.annotation.internalRequiredAnnotationProcessor,org.springframework.context.annotation.internalCommonAnnotationProcessor,mailBiz,consumerSessionAwareMessageListener,org.springframework.context.support.PropertySourcesPlaceholderConfigurer#0,org.springframework.aop.config.internalAutoProxyCreator,targetConnectionFactory,pooledConnectionFactory,connectionFactory,activeMqJmsTemplate,sessionAwareQueue,sessionAwareListenerContainer,mailSender,simpleMailMessage,threadPool,org.springframework.context.annotation.ConfigurationClassPostProcessor.importAwareProcessor]; root of factory hierarchy
[INFO ][20171224 09:07:26,453][ExecutorConfigurationSupport:154] Initializing ExecutorService  'threadPool'
[INFO ][20171224 09:07:26,601][DefaultLifecycleProcessor$LifecycleGroup:334] Starting beans in phase 2147483647
[INFO ][20171224 09:07:26,806][SingleConnectionFactory:291] Established shared JMS Connection: PooledConnection { ConnectionPool[ActiveMQConnection {id=ID:lpz-PC-58705-1514077646666-1:1,clientId=null,started=false}] }
[INFO ][20171224 09:07:26,831][DefaultLifecycleProcessor$LifecycleGroup:334] Starting beans in phase 2147483647
[INFO ][20171224 09:07:26,883][ConsumerSessionAwareMessageListener:48] ==>receive message:{"content":"通过ActiveMQ异步发送邮件！","subject":"ActiveMQ测试","to":"mathlpz@126.com"}
[INFO ][20171224 09:13:50,247][ConsumerSessionAwareMessageListener:48] ==>receive message:{"content":"通过ActiveMQ异步发送邮件！","subject":"ActiveMQ测试","to":"mathlpz@126.com"}
[INFO ][20171224 09:21:57,580][ConsumerSessionAwareMessageListener:48] ==>receive message:{"content":"通过ActiveMQ异步发送邮件！","subject":"ActiveMQ测试","to":"mathlpz@126.com"}
[INFO ][20171224 09:23:01,593][AbstractApplicationContext:510] Refreshing org.springframework.context.support.ClassPathXmlApplicationContext@3dd4520b: startup date [Sun Dec 24 09:23:01 CST 2017]; root of context hierarchy
[INFO ][20171224 09:23:01,675][XmlBeanDefinitionReader:315] Loading XML bean definitions from class path resource [spring/spring-context.xml]
[INFO ][20171224 09:23:02,077][XmlBeanDefinitionReader:315] Loading XML bean definitions from class path resource [spring/spring-mq.xml]
[INFO ][20171224 09:23:02,115][DefaultListableBeanFactory:665] Overriding bean definition for bean 'consumerSessionAwareMessageListener': replacing [Generic bean: class [wusc.edu.demo.mqtest.listener.ConsumerSessionAwareMessageListener]; scope=singleton; abstract=false; lazyInit=false; autowireMode=1; dependencyCheck=0; autowireCandidate=true; primary=false; factoryBeanName=null; factoryMethodName=null; initMethodName=null; destroyMethodName=null; defined in file [F:\BaiduNetdiskDownload\08.第八阶段、Dubbo入门到精通架构高级课程\ppt源码\Dubbo视频教程--高级篇\Dubbo视频教程--高级篇--第21节--ActiveMQ的安装与使用\edu-mq-test\edu-demo-mqconsumer\target\classes\wusc\edu\demo\mqtest\listener\ConsumerSessionAwareMessageListener.class]] with [Generic bean: class [wusc.edu.demo.mqtest.listener.ConsumerSessionAwareMessageListener]; scope=; abstract=false; lazyInit=false; autowireMode=1; dependencyCheck=0; autowireCandidate=true; primary=false; factoryBeanName=null; factoryMethodName=null; initMethodName=null; destroyMethodName=null; defined in class path resource [spring/spring-mq.xml]]
[INFO ][20171224 09:23:02,118][XmlBeanDefinitionReader:315] Loading XML bean definitions from class path resource [spring/spring-mail.xml]
[INFO ][20171224 09:23:02,359][PropertiesLoaderSupport:172] Loading properties file from class path resource [mq.properties]
[INFO ][20171224 09:23:02,360][PropertiesLoaderSupport:172] Loading properties file from class path resource [mail.properties]
[INFO ][20171224 09:23:02,423][DefaultListableBeanFactory:598] Pre-instantiating singletons in org.springframework.beans.factory.support.DefaultListableBeanFactory@41e1e210: defining beans [org.springframework.context.annotation.internalConfigurationAnnotationProcessor,org.springframework.context.annotation.internalAutowiredAnnotationProcessor,org.springframework.context.annotation.internalRequiredAnnotationProcessor,org.springframework.context.annotation.internalCommonAnnotationProcessor,mailBiz,consumerSessionAwareMessageListener,org.springframework.context.support.PropertySourcesPlaceholderConfigurer#0,org.springframework.aop.config.internalAutoProxyCreator,targetConnectionFactory,pooledConnectionFactory,connectionFactory,activeMqJmsTemplate,sessionAwareQueue,sessionAwareListenerContainer,mailSender,simpleMailMessage,threadPool,org.springframework.context.annotation.ConfigurationClassPostProcessor.importAwareProcessor]; root of factory hierarchy
[INFO ][20171224 09:23:02,577][ExecutorConfigurationSupport:154] Initializing ExecutorService  'threadPool'
[INFO ][20171224 09:23:02,745][DefaultLifecycleProcessor$LifecycleGroup:334] Starting beans in phase 2147483647
[INFO ][20171224 09:23:02,966][SingleConnectionFactory:291] Established shared JMS Connection: PooledConnection { ConnectionPool[ActiveMQConnection {id=ID:lpz-PC-60016-1514078582841-1:1,clientId=null,started=false}] }
[INFO ][20171224 09:23:02,997][DefaultLifecycleProcessor$LifecycleGroup:334] Starting beans in phase 2147483647
[INFO ][20171224 09:23:29,215][ConsumerSessionAwareMessageListener:48] ==>receive message:{"content":"通过ActiveMQ异步发送邮件！","subject":"ActiveMQ测试","to":"mathlpz@126.com"}
[INFO ][20171224 09:30:06,810][AbstractApplicationContext:510] Refreshing org.springframework.context.support.ClassPathXmlApplicationContext@3dd4520b: startup date [Sun Dec 24 09:30:06 CST 2017]; root of context hierarchy
[INFO ][20171224 09:30:06,901][XmlBeanDefinitionReader:315] Loading XML bean definitions from class path resource [spring/spring-context.xml]
[INFO ][20171224 09:30:07,246][XmlBeanDefinitionReader:315] Loading XML bean definitions from class path resource [spring/spring-mq.xml]
[INFO ][20171224 09:30:07,288][DefaultListableBeanFactory:665] Overriding bean definition for bean 'consumerSessionAwareMessageListener': replacing [Generic bean: class [wusc.edu.demo.mqtest.listener.ConsumerSessionAwareMessageListener]; scope=singleton; abstract=false; lazyInit=false; autowireMode=1; dependencyCheck=0; autowireCandidate=true; primary=false; factoryBeanName=null; factoryMethodName=null; initMethodName=null; destroyMethodName=null; defined in file [F:\BaiduNetdiskDownload\08.第八阶段、Dubbo入门到精通架构高级课程\ppt源码\Dubbo视频教程--高级篇\Dubbo视频教程--高级篇--第21节--ActiveMQ的安装与使用\edu-mq-test\edu-demo-mqconsumer\target\classes\wusc\edu\demo\mqtest\listener\ConsumerSessionAwareMessageListener.class]] with [Generic bean: class [wusc.edu.demo.mqtest.listener.ConsumerSessionAwareMessageListener]; scope=; abstract=false; lazyInit=false; autowireMode=1; dependencyCheck=0; autowireCandidate=true; primary=false; factoryBeanName=null; factoryMethodName=null; initMethodName=null; destroyMethodName=null; defined in class path resource [spring/spring-mq.xml]]
[INFO ][20171224 09:30:07,291][XmlBeanDefinitionReader:315] Loading XML bean definitions from class path resource [spring/spring-mail.xml]
[INFO ][20171224 09:30:07,538][PropertiesLoaderSupport:172] Loading properties file from class path resource [mq.properties]
[INFO ][20171224 09:30:07,540][PropertiesLoaderSupport:172] Loading properties file from class path resource [mail.properties]
[INFO ][20171224 09:30:07,551][DefaultSingletonBeanRegistry:444] Destroying singletons in org.springframework.beans.factory.support.DefaultListableBeanFactory@41e1e210: defining beans [org.springframework.context.annotation.internalConfigurationAnnotationProcessor,org.springframework.context.annotation.internalAutowiredAnnotationProcessor,org.springframework.context.annotation.internalRequiredAnnotationProcessor,org.springframework.context.annotation.internalCommonAnnotationProcessor,mailBiz,consumerSessionAwareMessageListener,org.springframework.context.support.PropertySourcesPlaceholderConfigurer#0,org.springframework.aop.config.internalAutoProxyCreator,targetConnectionFactory,pooledConnectionFactory,connectionFactory,activeMqJmsTemplate,sessionAwareQueue,sessionAwareListenerContainer,mailSender,simpleMailMessage,threadPool,org.springframework.context.annotation.ConfigurationClassPostProcessor.importAwareProcessor]; root of factory hierarchy
[ERROR][20171224 09:30:07,552][MQConsumer:25] ==>MQ context start error:
org.springframework.beans.factory.BeanDefinitionStoreException: Invalid bean definition with name 'mailSender' defined in class path resource [spring/spring-mail.xml]: Could not resolve placeholder 'mail.smtp.starttls.enable' in string value "${mail.smtp.starttls.enable}"
	at org.springframework.beans.factory.config.PlaceholderConfigurerSupport.doProcessProperties(PlaceholderConfigurerSupport.java:209)
	at org.springframework.context.support.PropertySourcesPlaceholderConfigurer.processProperties(PropertySourcesPlaceholderConfigurer.java:174)
	at org.springframework.context.support.PropertySourcesPlaceholderConfigurer.postProcessBeanFactory(PropertySourcesPlaceholderConfigurer.java:151)
	at org.springframework.context.support.AbstractApplicationContext.invokeBeanFactoryPostProcessors(AbstractApplicationContext.java:694)
	at org.springframework.context.support.AbstractApplicationContext.invokeBeanFactoryPostProcessors(AbstractApplicationContext.java:669)
	at org.springframework.context.support.AbstractApplicationContext.refresh(AbstractApplicationContext.java:461)
	at org.springframework.context.support.ClassPathXmlApplicationContext.<init>(ClassPathXmlApplicationContext.java:139)
	at org.springframework.context.support.ClassPathXmlApplicationContext.<init>(ClassPathXmlApplicationContext.java:83)
	at wusc.edu.demo.mqtest.MQConsumer.main(MQConsumer.java:22)
[INFO ][20171224 09:31:12,684][AbstractApplicationContext:510] Refreshing org.springframework.context.support.ClassPathXmlApplicationContext@3dd4520b: startup date [Sun Dec 24 09:31:12 CST 2017]; root of context hierarchy
[INFO ][20171224 09:31:12,760][XmlBeanDefinitionReader:315] Loading XML bean definitions from class path resource [spring/spring-context.xml]
[INFO ][20171224 09:31:13,080][XmlBeanDefinitionReader:315] Loading XML bean definitions from class path resource [spring/spring-mq.xml]
[INFO ][20171224 09:31:13,114][DefaultListableBeanFactory:665] Overriding bean definition for bean 'consumerSessionAwareMessageListener': replacing [Generic bean: class [wusc.edu.demo.mqtest.listener.ConsumerSessionAwareMessageListener]; scope=singleton; abstract=false; lazyInit=false; autowireMode=1; dependencyCheck=0; autowireCandidate=true; primary=false; factoryBeanName=null; factoryMethodName=null; initMethodName=null; destroyMethodName=null; defined in file [F:\BaiduNetdiskDownload\08.第八阶段、Dubbo入门到精通架构高级课程\ppt源码\Dubbo视频教程--高级篇\Dubbo视频教程--高级篇--第21节--ActiveMQ的安装与使用\edu-mq-test\edu-demo-mqconsumer\target\classes\wusc\edu\demo\mqtest\listener\ConsumerSessionAwareMessageListener.class]] with [Generic bean: class [wusc.edu.demo.mqtest.listener.ConsumerSessionAwareMessageListener]; scope=; abstract=false; lazyInit=false; autowireMode=1; dependencyCheck=0; autowireCandidate=true; primary=false; factoryBeanName=null; factoryMethodName=null; initMethodName=null; destroyMethodName=null; defined in class path resource [spring/spring-mq.xml]]
[INFO ][20171224 09:31:13,116][XmlBeanDefinitionReader:315] Loading XML bean definitions from class path resource [spring/spring-mail.xml]
[INFO ][20171224 09:31:13,304][PropertiesLoaderSupport:172] Loading properties file from class path resource [mq.properties]
[INFO ][20171224 09:31:13,305][PropertiesLoaderSupport:172] Loading properties file from class path resource [mail.properties]
[INFO ][20171224 09:31:13,365][DefaultListableBeanFactory:598] Pre-instantiating singletons in org.springframework.beans.factory.support.DefaultListableBeanFactory@41e1e210: defining beans [org.springframework.context.annotation.internalConfigurationAnnotationProcessor,org.springframework.context.annotation.internalAutowiredAnnotationProcessor,org.springframework.context.annotation.internalRequiredAnnotationProcessor,org.springframework.context.annotation.internalCommonAnnotationProcessor,mailBiz,consumerSessionAwareMessageListener,org.springframework.context.support.PropertySourcesPlaceholderConfigurer#0,org.springframework.aop.config.internalAutoProxyCreator,targetConnectionFactory,pooledConnectionFactory,connectionFactory,activeMqJmsTemplate,sessionAwareQueue,sessionAwareListenerContainer,mailSender,simpleMailMessage,threadPool,org.springframework.context.annotation.ConfigurationClassPostProcessor.importAwareProcessor]; root of factory hierarchy
[INFO ][20171224 09:31:13,446][ExecutorConfigurationSupport:154] Initializing ExecutorService  'threadPool'
[INFO ][20171224 09:31:13,598][DefaultLifecycleProcessor$LifecycleGroup:334] Starting beans in phase 2147483647
[INFO ][20171224 09:31:13,831][SingleConnectionFactory:291] Established shared JMS Connection: PooledConnection { ConnectionPool[ActiveMQConnection {id=ID:lpz-PC-60833-1514079073694-1:1,clientId=null,started=false}] }
[INFO ][20171224 09:31:13,890][DefaultLifecycleProcessor$LifecycleGroup:334] Starting beans in phase 2147483647
[INFO ][20171224 09:31:30,222][ConsumerSessionAwareMessageListener:48] ==>receive message:{"content":"通过ActiveMQ异步发送邮件！","subject":"ActiveMQ测试","to":"mathlpz@126.com"}
